0 info it worked if it ends with ok
1 verbose cli [ 'C:\\Program Files\\nodejs\\node.exe',
1 verbose cli   'C:\\Program Files\\nodejs\\node_modules\\npm\\bin\\npm-cli.js',
1 verbose cli   'install',
1 verbose cli   'wangEditor' ]
2 info using npm@2.15.1
3 info using node@v4.4.3
4 verbose install initial load of E:\plugins\richtextbox\package.json
5 verbose readDependencies loading dependencies from E:\plugins\richtextbox\package.json
6 silly cache add args [ 'wangEditor', null ]
7 verbose cache add spec wangEditor
8 silly cache add parsed spec Result {
8 silly cache add   raw: 'wangEditor',
8 silly cache add   scope: null,
8 silly cache add   name: 'wangEditor',
8 silly cache add   rawSpec: '',
8 silly cache add   spec: 'latest',
8 silly cache add   type: 'tag' }
9 silly addNamed wangEditor@latest
10 verbose addNamed "latest" is being treated as a dist-tag for wangEditor
11 info addNameTag [ 'wangEditor', 'latest' ]
12 silly mapToRegistry name wangEditor
13 silly mapToRegistry using default registry
14 silly mapToRegistry registry https://registry.npmjs.org/
15 silly mapToRegistry data Result {
15 silly mapToRegistry   raw: 'wangEditor',
15 silly mapToRegistry   scope: null,
15 silly mapToRegistry   name: 'wangEditor',
15 silly mapToRegistry   rawSpec: '',
15 silly mapToRegistry   spec: 'latest',
15 silly mapToRegistry   type: 'tag' }
16 silly mapToRegistry uri https://registry.npmjs.org/wangEditor
17 verbose addNameTag registry:https://registry.npmjs.org/wangEditor not in flight; fetching
18 verbose request uri https://registry.npmjs.org/wangEditor
19 verbose request no auth needed
20 info attempt registry request try #1 at 15:23:05
21 verbose request id befeeafe3651fedb
22 http request GET https://registry.npmjs.org/wangEditor
23 http 404 https://registry.npmjs.org/wangEditor
24 verbose headers { 'content-type': 'application/json',
24 verbose headers   'cache-control': 'max-age=0',
24 verbose headers   'content-length': '2',
24 verbose headers   'accept-ranges': 'bytes',
24 verbose headers   date: 'Mon, 16 Oct 2017 07:23:00 GMT',
24 verbose headers   via: '1.1 varnish',
24 verbose headers   age: '0',
24 verbose headers   connection: 'keep-alive',
24 verbose headers   'x-served-by': 'cache-nrt6132-NRT',
24 verbose headers   'x-cache': 'MISS',
24 verbose headers   'x-cache-hits': '0',
24 verbose headers   'x-timer': 'S1508138579.360053,VS0,VE873',
24 verbose headers   vary: 'Accept-Encoding' }
25 silly get cb [ 404,
25 silly get   { 'content-type': 'application/json',
25 silly get     'cache-control': 'max-age=0',
25 silly get     'content-length': '2',
25 silly get     'accept-ranges': 'bytes',
25 silly get     date: 'Mon, 16 Oct 2017 07:23:00 GMT',
25 silly get     via: '1.1 varnish',
25 silly get     age: '0',
25 silly get     connection: 'keep-alive',
25 silly get     'x-served-by': 'cache-nrt6132-NRT',
25 silly get     'x-cache': 'MISS',
25 silly get     'x-cache-hits': '0',
25 silly get     'x-timer': 'S1508138579.360053,VS0,VE873',
25 silly get     vary: 'Accept-Encoding' } ]
26 verbose stack Error: Registry returned 404 for GET on https://registry.npmjs.org/wangEditor
26 verbose stack     at makeError (C:\Program Files\nodejs\node_modules\npm\node_modules\npm-registry-client\lib\request.js:264:12)
26 verbose stack     at CachingRegistryClient.<anonymous> (C:\Program Files\nodejs\node_modules\npm\node_modules\npm-registry-client\lib\request.js:242:14)
26 verbose stack     at Request._callback (C:\Program Files\nodejs\node_modules\npm\node_modules\npm-registry-client\lib\request.js:172:14)
26 verbose stack     at Request.self.callback (C:\Program Files\nodejs\node_modules\npm\node_modules\request\request.js:199:22)
26 verbose stack     at emitTwo (events.js:87:13)
26 verbose stack     at Request.emit (events.js:172:7)
26 verbose stack     at Request.<anonymous> (C:\Program Files\nodejs\node_modules\npm\node_modules\request\request.js:1036:10)
26 verbose stack     at emitOne (events.js:82:20)
26 verbose stack     at Request.emit (events.js:169:7)
26 verbose stack     at IncomingMessage.<anonymous> (C:\Program Files\nodejs\node_modules\npm\node_modules\request\request.js:963:12)
27 verbose statusCode 404
28 verbose pkgid wangEditor
29 verbose cwd E:\plugins\richtextbox
30 error Windows_NT 6.1.7601
31 error argv "C:\\Program Files\\nodejs\\node.exe" "C:\\Program Files\\nodejs\\node_modules\\npm\\bin\\npm-cli.js" "install" "wangEditor"
32 error node v4.4.3
33 error npm  v2.15.1
34 error code E404
35 error 404 Registry returned 404 for GET on https://registry.npmjs.org/wangEditor
35 error 404
35 error 404 'wangEditor' is not in the npm registry.
35 error 404 Your package name is not valid, because
35 error 404
35 error 404  1. name can no longer contain capital letters
35 error 404
35 error 404 Note that you can also install from a
35 error 404 tarball, folder, http url, or git url.
36 verbose exit [ 1, true ]
